<?xml version="1.0" encoding="UTF-8"?>
<!-- Generated by org.testng.reporters.JUnitXMLReporter -->
<testsuite ignored="0" hostname="sushil-HP-Notebook" failures="0" tests="4" name="Amazon Test" time="103.832" errors="0" timestamp="2022-02-19T23:52:45 IST">
  <testcase classname="com.qa.amazon.AmazonTest" name="verifyItemAddedToCartTest" time="25.047"/>
  <testcase classname="com.qa.amazon.AmazonTest" name="verifyTitleTest" time="0.064"/>
  <testcase classname="com.qa.amazon.APITest" name="verifyGETRequestTest" time="0.824"/>
  <testcase classname="com.qa.amazon.APITest" name="verifyPostRequestTest" time="0.212"/>
</testsuite> <!-- Amazon Test -->
