<?xml version="1.0" encoding="UTF-8"?>
<!-- Generated by org.testng.reporters.JUnitXMLReporter -->
<testsuite ignored="0" hostname="sushil-HP-Notebook" failures="0" tests="4" name="Test on saucelab with FF" time="90.104" errors="0" timestamp="2022-02-20T01:45:35 IST">
  <testcase classname="com.qa.amazon.AmazonTest" name="verifyItemAddedToCartTest" time="25.754"/>
  <testcase classname="com.qa.amazon.AmazonTest" name="verifyTitleTest" time="5.272"/>
  <testcase classname="com.qa.amazon.APITest" name="verifyGETRequestTest" time="0.862"/>
  <testcase classname="com.qa.amazon.APITest" name="verifyPostRequestTest" time="0.204"/>
</testsuite> <!-- Test on saucelab with FF -->
