<?xml version="1.0" encoding="UTF-8"?>
<!-- Generated by org.testng.reporters.JUnitXMLReporter -->
<testsuite ignored="0" hostname="sushil-HP-Notebook" failures="0" tests="4" name="Test on saucelab with Chrome" time="39.375" errors="0" timestamp="2022-02-20T01:46:15 IST">
  <testcase classname="com.qa.amazon.AmazonTest" name="verifyItemAddedToCartTest" time="17.231"/>
  <testcase classname="com.qa.amazon.AmazonTest" name="verifyTitleTest" time="0.917"/>
  <testcase classname="com.qa.amazon.APITest" name="verifyGETRequestTest" time="0.54"/>
  <testcase classname="com.qa.amazon.APITest" name="verifyPostRequestTest" time="0.199"/>
</testsuite> <!-- Test on saucelab with Chrome -->
