<?xml version="1.0" encoding="UTF-8"?>
<!-- Generated by org.testng.reporters.JUnitXMLReporter -->
<testsuite ignored="0" hostname="sushil-HP-Notebook" failures="0" tests="4" name="Test on saucelab with FF" time="43.405" errors="0" timestamp="2022-02-20T19:46:38 IST">
  <testcase classname="com.qa.amazon.AmazonTest" name="verifyItemAddToCartTest" time="15.726"/>
  <testcase classname="com.qa.amazon.AmazonTest" name="verifyTitleTest" time="1.096"/>
  <testcase classname="com.qa.amazon.APITest" name="verifyGETRequestTest" time="0.758"/>
  <testcase classname="com.qa.amazon.APITest" name="verifyPostRequestTest" time="1.311"/>
</testsuite> <!-- Test on saucelab with FF -->
