<?xml version="1.0" encoding="UTF-8"?>
<testng-results ignored="0" total="4" passed="4" failed="0" skipped="0">
  <reporter-output>
  </reporter-output>
  <suite started-at="2022-02-20T19:45:55 IST" name="Amazon Suite" finished-at="2022-02-20T19:46:38 IST" duration-ms="43405">
    <groups>
    </groups>
    <test started-at="2022-02-20T19:45:55 IST" name="Test on saucelab with FF" finished-at="2022-02-20T19:46:38 IST" duration-ms="43405">
      <class name="com.qa.amazon.AmazonTest">
        <test-method is-config="true" signature="setUp(java.lang.String,java.lang.String,java.lang.String,java.lang.reflect.Method)[pri:0, instance:com.qa.amazon.AmazonTest@5119fb47]" started-at="2022-02-20T19:45:55 IST" name="setUp" finished-at="2022-02-20T19:46:08 IST" duration-ms="12975" status="PASS">
          <params>
            <param index="0">
              <value>
                <![CDATA[chrome]]>
              </value>
            </param>
            <param index="1">
              <value>
                <![CDATA[windows 10]]>
              </value>
            </param>
            <param index="2">
              <value>
                <![CDATA[latest]]>
              </value>
            </param>
            <param index="3">
              <value>
                <![CDATA[void com.qa.amazon.AmazonTest.verifyItemAddToCartTest()]]>
              </value>
            </param>
          </params>
          <reporter-output>
          </reporter-output>
        </test-method> <!-- setUp -->
        <test-method signature="verifyItemAddToCartTest()[pri:0, instance:com.qa.amazon.AmazonTest@5119fb47]" started-at="2022-02-20T19:46:08 IST" name="verifyItemAddToCartTest" finished-at="2022-02-20T19:46:23 IST" duration-ms="15726" status="PASS">
          <reporter-output>
          </reporter-output>
        </test-method> <!-- verifyItemAddToCartTest -->
        <test-method is-config="true" signature="tearDown()[pri:0, instance:com.qa.amazon.AmazonTest@5119fb47]" started-at="2022-02-20T19:46:23 IST" name="tearDown" finished-at="2022-02-20T19:46:24 IST" duration-ms="409" status="PASS">
          <reporter-output>
          </reporter-output>
        </test-method> <!-- tearDown -->
        <test-method is-config="true" signature="setUp(java.lang.String,java.lang.String,java.lang.String,java.lang.reflect.Method)[pri:0, instance:com.qa.amazon.AmazonTest@5119fb47]" started-at="2022-02-20T19:46:24 IST" name="setUp" finished-at="2022-02-20T19:46:34 IST" duration-ms="10520" status="PASS">
          <params>
            <param index="0">
              <value>
                <![CDATA[chrome]]>
              </value>
            </param>
            <param index="1">
              <value>
                <![CDATA[windows 10]]>
              </value>
            </param>
            <param index="2">
              <value>
                <![CDATA[latest]]>
              </value>
            </param>
            <param index="3">
              <value>
                <![CDATA[void com.qa.amazon.AmazonTest.verifyTitleTest()]]>
              </value>
            </param>
          </params>
          <reporter-output>
          </reporter-output>
        </test-method> <!-- setUp -->
        <test-method signature="verifyTitleTest()[pri:0, instance:com.qa.amazon.AmazonTest@5119fb47]" started-at="2022-02-20T19:46:34 IST" name="verifyTitleTest" finished-at="2022-02-20T19:46:35 IST" duration-ms="1096" status="PASS">
          <reporter-output>
          </reporter-output>
        </test-method> <!-- verifyTitleTest -->
        <test-method is-config="true" signature="tearDown()[pri:0, instance:com.qa.amazon.AmazonTest@5119fb47]" started-at="2022-02-20T19:46:35 IST" name="tearDown" finished-at="2022-02-20T19:46:36 IST" duration-ms="485" status="PASS">
          <reporter-output>
          </reporter-output>
        </test-method> <!-- tearDown -->
      </class> <!-- com.qa.amazon.AmazonTest -->
      <class name="com.qa.amazon.APITest">
        <test-method signature="verifyGETRequestTest()[pri:0, instance:com.qa.amazon.APITest@74e52303]" started-at="2022-02-20T19:46:36 IST" name="verifyGETRequestTest" finished-at="2022-02-20T19:46:37 IST" duration-ms="758" status="PASS">
          <reporter-output>
          </reporter-output>
        </test-method> <!-- verifyGETRequestTest -->
        <test-method signature="verifyPostRequestTest()[pri:0, instance:com.qa.amazon.APITest@74e52303]" started-at="2022-02-20T19:46:37 IST" name="verifyPostRequestTest" finished-at="2022-02-20T19:46:38 IST" duration-ms="1311" status="PASS">
          <reporter-output>
          </reporter-output>
        </test-method> <!-- verifyPostRequestTest -->
      </class> <!-- com.qa.amazon.APITest -->
    </test> <!-- Test on saucelab with FF -->
  </suite> <!-- Amazon Suite -->
</testng-results>
